c:\users\pip\source\repos\hookdll\hookdll\release\hookdll.pch
c:\users\pip\source\repos\hookdll\hookdll\release\vc141.pdb
c:\users\pip\source\repos\hookdll\hookdll\release\stdafx.obj
c:\users\pip\source\repos\hookdll\hookdll\release\hookdll.obj
c:\users\pip\source\repos\hookdll\hookdll\release\dllmain.obj
c:\users\pip\source\repos\hookdll\release\hookdll.ipdb
c:\users\pip\source\repos\hookdll\release\hookdll.iobj
c:\users\pip\source\repos\hookdll\release\hookdll.dll
c:\users\pip\source\repos\hookdll\release\hookdll.pdb
c:\users\pip\dev\drhook\hookdll\hookdll\release\dllmain.obj
c:\users\pip\dev\drhook\hookdll\hookdll\release\hookdll.obj
c:\users\pip\dev\drhook\hookdll\hookdll\release\stdafx.obj
c:\users\pip\dev\drhook\hookdll\hookdll\release\hookdll.pch
c:\users\pip\dev\drhook\hookdll\hookdll\release\vc141.pdb
c:\users\pip\dev\drhook\hookdll\release\hookdll.pdb
c:\users\pip\dev\drhook\hookdll\release\hookdll.dll
c:\users\pip\dev\drhook\hookdll\hookdll\release\hookdll.tlog\cl.command.1.tlog
c:\users\pip\dev\drhook\hookdll\hookdll\release\hookdll.tlog\cl.read.1.tlog
c:\users\pip\dev\drhook\hookdll\hookdll\release\hookdll.tlog\cl.write.1.tlog
c:\users\pip\dev\drhook\hookdll\hookdll\release\hookdll.tlog\hookdll.write.1u.tlog
c:\users\pip\dev\drhook\hookdll\hookdll\release\hookdll.tlog\link.command.1.tlog
c:\users\pip\dev\drhook\hookdll\hookdll\release\hookdll.tlog\link.read.1.tlog
c:\users\pip\dev\drhook\hookdll\hookdll\release\hookdll.tlog\link.write.1.tlog
