c:\users\pip\source\repos\iathook\iathook\debug\iathook.pch
c:\users\pip\source\repos\iathook\iathook\debug\vc141.pdb
c:\users\pip\source\repos\iathook\iathook\debug\vc141.idb
c:\users\pip\source\repos\iathook\iathook\debug\stdafx.obj
c:\users\pip\source\repos\iathook\iathook\debug\dllmain.obj
c:\users\pip\source\repos\iathook\debug\iathook.ilk
c:\users\pip\source\repos\iathook\debug\iathook.dll
c:\users\pip\source\repos\iathook\debug\iathook.pdb
c:\users\pip\dev\drhook\iathookdll\iathook\debug\dllmain.obj
c:\users\pip\dev\drhook\iathookdll\iathook\debug\stdafx.obj
c:\users\pip\dev\drhook\iathookdll\iathook\debug\iathook.pch
c:\users\pip\dev\drhook\iathookdll\iathook\debug\vc141.idb
c:\users\pip\dev\drhook\iathookdll\iathook\debug\vc141.pdb
c:\users\pip\dev\drhook\iathookdll\debug\iathook.pdb
c:\users\pip\dev\drhook\iathookdll\debug\iathook.dll
c:\users\pip\dev\drhook\iathookdll\debug\iathook.ilk
c:\users\pip\dev\drhook\iathookdll\iathook\debug\iathook.tlog\cl.command.1.tlog
c:\users\pip\dev\drhook\iathookdll\iathook\debug\iathook.tlog\cl.read.1.tlog
c:\users\pip\dev\drhook\iathookdll\iathook\debug\iathook.tlog\cl.write.1.tlog
c:\users\pip\dev\drhook\iathookdll\iathook\debug\iathook.tlog\link.command.1.tlog
c:\users\pip\dev\drhook\iathookdll\iathook\debug\iathook.tlog\link.read.1.tlog
c:\users\pip\dev\drhook\iathookdll\iathook\debug\iathook.tlog\link.write.1.tlog
